<?xml version="1.0" encoding="UTF-8"?>
<testsuite xmlns:xsi="http://www.w3.org/2001/XMLSchema-instance" xsi:noNamespaceSchemaLocation="https://maven.apache.org/surefire/maven-surefire-plugin/xsd/surefire-test-report.xsd" name="TestSuite" time="117.84" tests="7" errors="0" skipped="0" failures="1">
  <properties>
[...]
</properties>
  <testcase name="categoriesTest" classname="Runner" time="34.573"/>
  <testcase name="filterPriceTest" classname="Runner" time="24.531"/>
  <testcase name="invalidLoginTest" classname="Runner" time="18.031"/>
  <testcase name="orderPriceTest" classname="Runner" time="9.233"/>
  <testcase name="searchTest" classname="Runner" time="11.342"/>
  <testcase name="signUpTest" classname="Runner" time="1.793">
    <failure message="Keys to send should be a not null CharSequence" type="java.lang.IllegalArgumentException">java.lang.IllegalArgumentException: Keys to send should be a not null CharSequence
	at Runner.signUpTest(Runner.java:43)
</failure>
  </testcase>
  <testcase name="validLoginTest" classname="Runner" time="11.043"/>
</testsuite>