<?xml version="1.0" encoding="UTF-8"?>
<testng-results skipped="0" failed="1" ignored="0" total="7" passed="6">
  <reporter-output>
  </reporter-output>
  <suite name="GUI Challenge" duration-ms="116716" started-at="2021-04-06T15:49:55 COT" finished-at="2021-04-06T15:51:52 COT">
    <groups>
    </groups>
    <test name="GUI Challenge" duration-ms="116716" started-at="2021-04-06T15:49:55 COT" finished-at="2021-04-06T15:51:52 COT">
      <class name="Runner">
        <test-method status="PASS" signature="setup()[pri:0, instance:Runner@610694f1]" name="setup" is-config="true" duration-ms="6096" started-at="2021-04-06T15:49:55 COT" finished-at="2021-04-06T15:50:01 COT">
          <reporter-output>
          </reporter-output>
        </test-method> <!-- setup -->
        <test-method status="PASS" signature="categoriesTest()[pri:0, instance:Runner@610694f1]" name="categoriesTest" duration-ms="34570" started-at="2021-04-06T15:50:01 COT" finished-at="2021-04-06T15:50:36 COT">
          <reporter-output>
          </reporter-output>
        </test-method> <!-- categoriesTest -->
        <test-method status="PASS" signature="filterPriceTest()[pri:0, instance:Runner@610694f1]" name="filterPriceTest" duration-ms="24534" started-at="2021-04-06T15:50:36 COT" finished-at="2021-04-06T15:51:00 COT">
          <reporter-output>
          </reporter-output>
        </test-method> <!-- filterPriceTest -->
        <test-method status="PASS" signature="invalidLoginTest()[pri:0, instance:Runner@610694f1]" name="invalidLoginTest" duration-ms="18030" started-at="2021-04-06T15:51:00 COT" finished-at="2021-04-06T15:51:18 COT">
          <reporter-output>
          </reporter-output>
        </test-method> <!-- invalidLoginTest -->
        <test-method status="PASS" signature="orderPriceTest()[pri:0, instance:Runner@610694f1]" name="orderPriceTest" duration-ms="9233" started-at="2021-04-06T15:51:18 COT" finished-at="2021-04-06T15:51:28 COT">
          <reporter-output>
          </reporter-output>
        </test-method> <!-- orderPriceTest -->
        <test-method status="PASS" signature="searchTest()[pri:0, instance:Runner@610694f1]" name="searchTest" duration-ms="11341" started-at="2021-04-06T15:51:28 COT" finished-at="2021-04-06T15:51:39 COT">
          <reporter-output>
          </reporter-output>
        </test-method> <!-- searchTest -->
        <test-method status="FAIL" signature="signUpTest()[pri:0, instance:Runner@610694f1]" name="signUpTest" duration-ms="1784" started-at="2021-04-06T15:51:39 COT" finished-at="2021-04-06T15:51:41 COT">
          <exception class="java.lang.IllegalArgumentException">
            <message>
              <![CDATA[Keys to send should be a not null CharSequence]]>
            </message>
            <full-stacktrace>
              <![CDATA[java.lang.IllegalArgumentException: Keys to send should be a not null CharSequence
at org.openqa.selenium.remote.RemoteWebElement.sendKeys(RemoteWebElement.java:97)
at Pages.SignUpPage.register(SignUpPage.java:23)
at Runner.signUpTest(Runner.java:43)
at sun.reflect.NativeMethodAccessorImpl.invoke0(Native Method)
at sun.reflect.NativeMethodAccessorImpl.invoke(NativeMethodAccessorImpl.java:62)
at sun.reflect.DelegatingMethodAccessorImpl.invoke(DelegatingMethodAccessorImpl.java:43)
at java.lang.reflect.Method.invoke(Method.java:498)
at org.testng.internal.MethodInvocationHelper.invokeMethod(MethodInvocationHelper.java:134)
at org.testng.internal.TestInvoker.invokeMethod(TestInvoker.java:597)
at org.testng.internal.TestInvoker.invokeTestMethod(TestInvoker.java:173)
at org.testng.internal.MethodRunner.runInSequence(MethodRunner.java:46)
at org.testng.internal.TestInvoker$MethodInvocationAgent.invoke(TestInvoker.java:816)
at org.testng.internal.TestInvoker.invokeTestMethods(TestInvoker.java:146)
at org.testng.internal.TestMethodWorker.invokeTestMethods(TestMethodWorker.java:146)
at org.testng.internal.TestMethodWorker.run(TestMethodWorker.java:128)
at java.util.ArrayList.forEach(ArrayList.java:1259)
at org.testng.TestRunner.privateRun(TestRunner.java:766)
at org.testng.TestRunner.run(TestRunner.java:587)
at org.testng.SuiteRunner.runTest(SuiteRunner.java:384)
at org.testng.SuiteRunner.runSequentially(SuiteRunner.java:378)
at org.testng.SuiteRunner.privateRun(SuiteRunner.java:337)
at org.testng.SuiteRunner.run(SuiteRunner.java:286)
at org.testng.SuiteRunnerWorker.runSuite(SuiteRunnerWorker.java:53)
at org.testng.SuiteRunnerWorker.run(SuiteRunnerWorker.java:96)
at org.testng.TestNG.runSuitesSequentially(TestNG.java:1187)
at org.testng.TestNG.runSuitesLocally(TestNG.java:1109)
at org.testng.TestNG.runSuites(TestNG.java:1039)
at org.testng.TestNG.run(TestNG.java:1007)
at org.apache.maven.surefire.testng.TestNGExecutor.run(TestNGExecutor.java:283)
at org.apache.maven.surefire.testng.TestNGXmlTestSuite.execute(TestNGXmlTestSuite.java:75)
at org.apache.maven.surefire.testng.TestNGProvider.invoke(TestNGProvider.java:120)
at org.apache.maven.surefire.booter.ForkedBooter.invokeProviderInSameClassLoader(ForkedBooter.java:384)
at org.apache.maven.surefire.booter.ForkedBooter.runSuitesInProcess(ForkedBooter.java:345)
at org.apache.maven.surefire.booter.ForkedBooter.execute(ForkedBooter.java:126)
at org.apache.maven.surefire.booter.ForkedBooter.main(ForkedBooter.java:418)
]]>
            </full-stacktrace>
          </exception> <!-- java.lang.IllegalArgumentException -->
          <reporter-output>
          </reporter-output>
        </test-method> <!-- signUpTest -->
        <test-method status="PASS" signature="validLoginTest()[pri:0, instance:Runner@610694f1]" name="validLoginTest" duration-ms="11044" started-at="2021-04-06T15:51:41 COT" finished-at="2021-04-06T15:51:52 COT">
          <reporter-output>
          </reporter-output>
        </test-method> <!-- validLoginTest -->
        <test-method status="PASS" signature="tearDown()[pri:0, instance:Runner@610694f1]" name="tearDown" is-config="true" duration-ms="1" started-at="2021-04-06T15:51:52 COT" finished-at="2021-04-06T15:51:52 COT">
          <reporter-output>
          </reporter-output>
        </test-method> <!-- tearDown -->
      </class> <!-- Runner -->
    </test> <!-- GUI Challenge -->
  </suite> <!-- GUI Challenge -->
</testng-results>
