-------------------------------------------------------------------------------
Test set: TestSuite
-------------------------------------------------------------------------------
Tests run: 7, Failures: 1, Errors: 0, Skipped: 0, Time elapsed: 117.84 s <<< FAILURE! - in TestSuite
signUpTest(Runner)  Time elapsed: 1.793 s  <<< FAILURE!
java.lang.IllegalArgumentException: Keys to send should be a not null CharSequence
	at Runner.signUpTest(Runner.java:43)

